21-10-2019 01:54:11 INFO  RebusController:67 - Getting all possible languages...
21-10-2019 01:54:21 INFO  RebusController:147 - Uploading new word image for future review...
21-10-2019 01:54:21 INFO  FileProcessor:111 - Uploading file for review ...
21-10-2019 01:54:21 INFO  FileProcessor:171 - Uploading file...
21-10-2019 01:54:21 INFO  FileProcessor:223 - Saving uploaded file...
21-10-2019 01:55:34 INFO  RebusController:67 - Getting all possible languages...
21-10-2019 01:55:46 INFO  RebusController:147 - Uploading new word image for future review...
21-10-2019 01:55:46 INFO  FileProcessor:111 - Uploading file for review ...
21-10-2019 01:55:46 INFO  FileProcessor:171 - Uploading file...
21-10-2019 01:55:46 INFO  FileProcessor:223 - Saving uploaded file...
21-10-2019 02:07:11 INFO  RebusController:111 - Generating rebus query...
21-10-2019 02:07:11 INFO  RebusProcessor:137 - Processing rebus generating...
21-10-2019 02:07:11 INFO  RebusSequenceGenerator:70 - Generating rebus...
21-10-2019 02:07:11 INFO  RebusSequenceGenerator:348 - Creation of queries chain started...
21-10-2019 02:07:11 INFO  RebusSequenceGenerator:132 - Rebus generated successfully
21-10-2019 02:07:12 INFO  RebusSequenceParser:74 - Parsing rebus sequence...
21-10-2019 02:07:12 INFO  RebusSequenceParser:102 - Rebus sequence parsed successfully
21-10-2019 02:07:12 INFO  FileProcessor:260 - Downloading files...
21-10-2019 02:07:12 INFO  FileProcessor:301 - Downloading file front_comma.png to directory /timetable_en
21-10-2019 02:07:51 INFO  FileProcessor:322 - File front_comma.png downloaded to directory /timetable_en
21-10-2019 02:07:51 INFO  FileProcessor:301 - Downloading file star.png to directory /timetable_en
21-10-2019 02:07:58 INFO  FileProcessor:322 - File star.png downloaded to directory /timetable_en
21-10-2019 02:07:58 INFO  FileProcessor:301 - Downloading file back_comma.png to directory /timetable_en
21-10-2019 02:07:59 INFO  FileProcessor:322 - File back_comma.png downloaded to directory /timetable_en
21-10-2019 02:07:59 INFO  FileProcessor:301 - Downloading file back_comma.png to directory /timetable_en
21-10-2019 02:07:59 INFO  FileProcessor:322 - File back_comma.png downloaded to directory /timetable_en
21-10-2019 02:07:59 INFO  FileProcessor:301 - Downloading file i_en.png to directory /timetable_en
21-10-2019 02:07:59 INFO  FileProcessor:322 - File i_en.png downloaded to directory /timetable_en
21-10-2019 02:07:59 INFO  FileProcessor:301 - Downloading file m_en.png to directory /timetable_en
21-10-2019 02:07:59 INFO  FileProcessor:322 - File m_en.png downloaded to directory /timetable_en
21-10-2019 02:07:59 INFO  FileProcessor:301 - Downloading file plus.png to directory /timetable_en
21-10-2019 02:08:00 INFO  FileProcessor:322 - File plus.png downloaded to directory /timetable_en
21-10-2019 02:08:00 INFO  FileProcessor:301 - Downloading file front_comma.png to directory /timetable_en
21-10-2019 02:08:00 INFO  FileProcessor:322 - File front_comma.png downloaded to directory /timetable_en
21-10-2019 02:08:00 INFO  FileProcessor:301 - Downloading file e_en.png to directory /timetable_en
21-10-2019 02:08:00 INFO  FileProcessor:322 - File e_en.png downloaded to directory /timetable_en
21-10-2019 02:08:00 INFO  FileProcessor:301 - Downloading file star.png to directory /timetable_en
21-10-2019 02:08:00 INFO  FileProcessor:322 - File star.png downloaded to directory /timetable_en
21-10-2019 02:08:00 INFO  FileProcessor:301 - Downloading file back_comma.png to directory /timetable_en
21-10-2019 02:08:00 INFO  FileProcessor:322 - File back_comma.png downloaded to directory /timetable_en
21-10-2019 02:08:00 INFO  FileProcessor:301 - Downloading file plus.png to directory /timetable_en
21-10-2019 02:08:00 INFO  FileProcessor:322 - File plus.png downloaded to directory /timetable_en
21-10-2019 02:08:00 INFO  FileProcessor:301 - Downloading file bottle.png to directory /timetable_en
21-10-2019 02:08:01 INFO  FileProcessor:322 - File bottle.png downloaded to directory /timetable_en
21-10-2019 02:08:01 INFO  FileProcessor:301 - Downloading file crossed_o_en.png to directory /timetable_en
21-10-2019 02:08:01 INFO  FileProcessor:322 - File crossed_o_en.png downloaded to directory /timetable_en
21-10-2019 02:08:01 INFO  FileProcessor:301 - Downloading file crossed_t_en.png to directory /timetable_en
21-10-2019 02:08:01 INFO  FileProcessor:322 - File crossed_t_en.png downloaded to directory /timetable_en
21-10-2019 02:08:01 INFO  FileProcessor:301 - Downloading file crossed_t_en.png to directory /timetable_en
21-10-2019 02:08:01 INFO  FileProcessor:322 - File crossed_t_en.png downloaded to directory /timetable_en
21-10-2019 02:08:01 INFO  FileProcessor:284 - Files downloaded successfully
21-10-2019 02:08:01 INFO  ImageProcessor:93 - Final image processing...
21-10-2019 02:08:01 INFO  ImageProcessor:132 - Final image processed successfully
21-10-2019 02:08:01 INFO  RebusProcessor:161 - Rebus generating process finished successfully
21-10-2019 02:08:45 INFO  RebusController:147 - Uploading new word image for future review...
21-10-2019 02:08:45 INFO  FileProcessor:111 - Uploading file for review ...
21-10-2019 02:08:45 INFO  FileProcessor:171 - Uploading file...
21-10-2019 02:08:45 INFO  FileProcessor:223 - Saving uploaded file...
21-10-2019 02:14:32 INFO  RebusController:67 - Getting all possible languages...
21-10-2019 02:14:49 INFO  RebusController:147 - Uploading new word image for future review...
21-10-2019 02:14:49 INFO  FileProcessor:112 - Uploading file for review ...
21-10-2019 02:14:49 INFO  FileProcessor:172 - Uploading file...
21-10-2019 02:14:49 INFO  FileProcessor:224 - Saving uploaded file...
21-10-2019 02:14:49 INFO  FileProcessor:246 - Uploaded file saved
21-10-2019 02:14:52 INFO  FileProcessor:203 - File uploaded successfully
21-10-2019 02:20:13 ERROR ImageProcessor:273 - Images directory does not exist!
21-10-2019 02:20:13 INFO  ImageProcessor:93 - Final image processing...
21-10-2019 02:20:13 ERROR ImageProcessor:97 - Some of arguments are null!
21-10-2019 02:20:13 INFO  ImageProcessor:93 - Final image processing...
21-10-2019 02:20:13 ERROR ImageProcessor:97 - Some of arguments are null!
21-10-2019 02:20:13 ERROR ImageProcessor:260 - Some of arguments are null!
21-10-2019 02:20:13 ERROR ImageProcessor:150 - Some of arguments are null!
21-10-2019 02:20:13 ERROR ImageProcessor:260 - Some of arguments are null!
21-10-2019 02:20:13 ERROR ImageProcessor:196 - Some of arguments are null!
21-10-2019 02:20:13 ERROR ImageProcessor:150 - Some of arguments are null!
21-10-2019 02:20:13 ERROR ImageProcessor:196 - Some of arguments are null!
21-10-2019 02:20:13 ERROR RebusSequenceGenerator:518 - Some of arguments are null!
21-10-2019 02:20:13 INFO  RebusSequenceGenerator:70 - Generating rebus...
21-10-2019 02:20:13 WARN  RebusSequenceGenerator:83 - The word has spaces
21-10-2019 02:20:13 INFO  RebusSequenceGenerator:70 - Generating rebus...
21-10-2019 02:20:13 ERROR RebusSequenceGenerator:73 - Some of arguments are null!
21-10-2019 02:20:13 ERROR RebusSequenceGenerator:263 - Some of arguments are null!
21-10-2019 02:20:13 ERROR RebusSequenceGenerator:391 - Some of arguments are null!
21-10-2019 02:20:13 ERROR RebusSequenceGenerator:194 - Some of arguments are null!
21-10-2019 02:20:13 ERROR RebusSequenceGenerator:194 - Some of arguments are null!
21-10-2019 02:20:13 INFO  RebusSequenceGenerator:348 - Creation of queries chain started...
21-10-2019 02:20:13 ERROR RebusSequenceGenerator:351 - The node in restoreChainOfWordParts method is null!
21-10-2019 02:20:13 ERROR RebusSequenceGenerator:391 - Some of arguments are null!
21-10-2019 02:20:13 ERROR RebusSequenceGenerator:154 - The word in divideWordOnParts method is null!
21-10-2019 02:20:13 INFO  RebusSequenceGenerator:70 - Generating rebus...
21-10-2019 02:20:13 ERROR RebusSequenceGenerator:88 - The databaseWords is empty, it is impossible to create a rebus!
21-10-2019 02:20:13 ERROR RebusSequenceGenerator:263 - Some of arguments are null!
21-10-2019 02:20:13 INFO  RebusSequenceGenerator:70 - Generating rebus...
21-10-2019 02:20:13 ERROR RebusSequenceGenerator:73 - Some of arguments are null!
21-10-2019 02:20:13 ERROR RebusSequenceParser:168 - Some of arguments are null!
21-10-2019 02:20:13 INFO  RebusSequenceParser:74 - Parsing rebus sequence...
21-10-2019 02:20:13 ERROR RebusSequenceParser:77 - Some of arguments are null!
21-10-2019 02:20:13 ERROR RebusSequenceParser:120 - Some of arguments are null!
21-10-2019 02:20:13 ERROR RebusSequenceParser:245 - Some of arguments are null!
21-10-2019 02:20:13 ERROR RebusSequenceParser:196 - Some of arguments are null!
21-10-2019 02:20:24 INFO  FileProcessor:224 - Saving uploaded file...
21-10-2019 02:20:24 ERROR FileProcessor:227 - Some of arguments are null!
21-10-2019 02:20:24 INFO  FileProcessor:259 - Downloading files...
21-10-2019 02:20:24 ERROR FileProcessor:262 - Some of arguments are null!
21-10-2019 02:20:25 INFO  FileProcessor:300 - Downloading file test.png to directory test
21-10-2019 02:20:25 INFO  FileProcessor:321 - File test.png downloaded to directory test
21-10-2019 02:20:26 INFO  FileProcessor:172 - Uploading file...
21-10-2019 02:20:26 ERROR FileProcessor:175 - Some of arguments are null!
21-10-2019 02:20:26 INFO  FileProcessor:300 - Downloading file null to directory null
21-10-2019 02:20:26 ERROR FileProcessor:303 - Some of arguments are null!
21-10-2019 02:20:26 INFO  FileProcessor:62 - Saving uploaded file for review...
21-10-2019 02:20:26 ERROR FileProcessor:65 - Some of arguments are null!
21-10-2019 02:20:28 INFO  RebusController:94 - Getting existing rebus...
21-10-2019 02:20:28 INFO  RebusController:111 - Generating rebus query...
21-10-2019 02:20:28 INFO  RebusController:80 - Getting all words of specified language...
21-10-2019 17:39:30 ERROR ImageProcessor:273 - Images directory does not exist!
21-10-2019 17:39:30 INFO  ImageProcessor:93 - Final image processing...
21-10-2019 17:39:30 ERROR ImageProcessor:97 - Some of arguments are null!
21-10-2019 17:39:30 INFO  ImageProcessor:93 - Final image processing...
21-10-2019 17:39:30 ERROR ImageProcessor:97 - Some of arguments are null!
21-10-2019 17:39:30 ERROR ImageProcessor:260 - Some of arguments are null!
21-10-2019 17:39:30 ERROR ImageProcessor:150 - Some of arguments are null!
21-10-2019 17:39:30 ERROR ImageProcessor:260 - Some of arguments are null!
21-10-2019 17:39:30 ERROR ImageProcessor:196 - Some of arguments are null!
21-10-2019 17:39:30 ERROR ImageProcessor:150 - Some of arguments are null!
21-10-2019 17:39:30 ERROR ImageProcessor:196 - Some of arguments are null!
21-10-2019 17:39:30 ERROR RebusSequenceGenerator:518 - Some of arguments are null!
21-10-2019 17:39:30 INFO  RebusSequenceGenerator:70 - Generating rebus...
21-10-2019 17:39:30 WARN  RebusSequenceGenerator:83 - The word has spaces
21-10-2019 17:39:30 INFO  RebusSequenceGenerator:70 - Generating rebus...
21-10-2019 17:39:30 ERROR RebusSequenceGenerator:73 - Some of arguments are null!
21-10-2019 17:39:30 ERROR RebusSequenceGenerator:263 - Some of arguments are null!
21-10-2019 17:39:30 ERROR RebusSequenceGenerator:391 - Some of arguments are null!
21-10-2019 17:39:30 ERROR RebusSequenceGenerator:194 - Some of arguments are null!
21-10-2019 17:39:30 ERROR RebusSequenceGenerator:194 - Some of arguments are null!
21-10-2019 17:39:30 INFO  RebusSequenceGenerator:348 - Creation of queries chain started...
21-10-2019 17:39:30 ERROR RebusSequenceGenerator:351 - The node in restoreChainOfWordParts method is null!
21-10-2019 17:39:30 ERROR RebusSequenceGenerator:391 - Some of arguments are null!
21-10-2019 17:39:30 ERROR RebusSequenceGenerator:154 - The word in divideWordOnParts method is null!
21-10-2019 17:39:30 INFO  RebusSequenceGenerator:70 - Generating rebus...
21-10-2019 17:39:30 ERROR RebusSequenceGenerator:88 - The databaseWords is empty, it is impossible to create a rebus!
21-10-2019 17:39:30 ERROR RebusSequenceGenerator:263 - Some of arguments are null!
21-10-2019 17:39:30 INFO  RebusSequenceGenerator:70 - Generating rebus...
21-10-2019 17:39:30 ERROR RebusSequenceGenerator:73 - Some of arguments are null!
21-10-2019 17:39:30 ERROR RebusSequenceParser:168 - Some of arguments are null!
21-10-2019 17:39:30 INFO  RebusSequenceParser:74 - Parsing rebus sequence...
21-10-2019 17:39:30 ERROR RebusSequenceParser:77 - Some of arguments are null!
21-10-2019 17:39:30 ERROR RebusSequenceParser:120 - Some of arguments are null!
21-10-2019 17:39:30 ERROR RebusSequenceParser:245 - Some of arguments are null!
21-10-2019 17:39:30 ERROR RebusSequenceParser:196 - Some of arguments are null!
21-10-2019 17:40:02 INFO  FileProcessor:224 - Saving uploaded file...
21-10-2019 17:40:02 ERROR FileProcessor:227 - Some of arguments are null!
21-10-2019 17:40:02 INFO  FileProcessor:259 - Downloading files...
21-10-2019 17:40:02 ERROR FileProcessor:262 - Some of arguments are null!
21-10-2019 17:40:03 INFO  FileProcessor:300 - Downloading file test.png to directory test
21-10-2019 17:40:03 INFO  FileProcessor:321 - File test.png downloaded to directory test
21-10-2019 17:40:04 INFO  FileProcessor:172 - Uploading file...
21-10-2019 17:40:04 ERROR FileProcessor:175 - Some of arguments are null!
21-10-2019 17:40:04 INFO  FileProcessor:300 - Downloading file null to directory null
21-10-2019 17:40:04 ERROR FileProcessor:303 - Some of arguments are null!
21-10-2019 17:40:04 INFO  FileProcessor:62 - Saving uploaded file for review...
21-10-2019 17:40:04 ERROR FileProcessor:65 - Some of arguments are null!
21-10-2019 17:40:06 INFO  RebusController:94 - Getting existing rebus...
21-10-2019 17:40:06 INFO  RebusController:111 - Generating rebus query...
21-10-2019 17:40:06 INFO  RebusController:80 - Getting all words of specified language...
21-10-2019 18:05:45 ERROR ImageProcessor:273 - Images directory does not exist!
21-10-2019 18:05:45 INFO  ImageProcessor:93 - Final image processing...
21-10-2019 18:05:45 ERROR ImageProcessor:97 - Some of arguments are null!
21-10-2019 18:05:45 INFO  ImageProcessor:93 - Final image processing...
21-10-2019 18:05:45 ERROR ImageProcessor:97 - Some of arguments are null!
21-10-2019 18:05:45 ERROR ImageProcessor:260 - Some of arguments are null!
21-10-2019 18:05:45 ERROR ImageProcessor:150 - Some of arguments are null!
21-10-2019 18:05:45 ERROR ImageProcessor:260 - Some of arguments are null!
21-10-2019 18:05:45 ERROR ImageProcessor:196 - Some of arguments are null!
21-10-2019 18:05:45 ERROR ImageProcessor:150 - Some of arguments are null!
21-10-2019 18:05:45 ERROR ImageProcessor:196 - Some of arguments are null!
21-10-2019 18:05:45 ERROR RebusSequenceGenerator:518 - Some of arguments are null!
21-10-2019 18:05:45 INFO  RebusSequenceGenerator:70 - Generating rebus...
21-10-2019 18:05:45 WARN  RebusSequenceGenerator:83 - The word has spaces
21-10-2019 18:05:45 INFO  RebusSequenceGenerator:70 - Generating rebus...
21-10-2019 18:05:45 ERROR RebusSequenceGenerator:73 - Some of arguments are null!
21-10-2019 18:05:45 ERROR RebusSequenceGenerator:263 - Some of arguments are null!
21-10-2019 18:05:45 ERROR RebusSequenceGenerator:391 - Some of arguments are null!
21-10-2019 18:05:45 ERROR RebusSequenceGenerator:194 - Some of arguments are null!
21-10-2019 18:05:45 ERROR RebusSequenceGenerator:194 - Some of arguments are null!
21-10-2019 18:05:45 INFO  RebusSequenceGenerator:348 - Creation of queries chain started...
21-10-2019 18:05:45 ERROR RebusSequenceGenerator:351 - The node in restoreChainOfWordParts method is null!
21-10-2019 18:05:45 ERROR RebusSequenceGenerator:391 - Some of arguments are null!
21-10-2019 18:05:45 ERROR RebusSequenceGenerator:154 - The word in divideWordOnParts method is null!
21-10-2019 18:05:45 INFO  RebusSequenceGenerator:70 - Generating rebus...
21-10-2019 18:05:45 ERROR RebusSequenceGenerator:88 - The databaseWords is empty, it is impossible to create a rebus!
21-10-2019 18:05:45 ERROR RebusSequenceGenerator:263 - Some of arguments are null!
21-10-2019 18:05:45 INFO  RebusSequenceGenerator:70 - Generating rebus...
21-10-2019 18:05:45 ERROR RebusSequenceGenerator:73 - Some of arguments are null!
21-10-2019 18:05:45 ERROR RebusSequenceParser:168 - Some of arguments are null!
21-10-2019 18:05:45 INFO  RebusSequenceParser:74 - Parsing rebus sequence...
21-10-2019 18:05:45 ERROR RebusSequenceParser:77 - Some of arguments are null!
21-10-2019 18:05:45 ERROR RebusSequenceParser:120 - Some of arguments are null!
21-10-2019 18:05:45 ERROR RebusSequenceParser:245 - Some of arguments are null!
21-10-2019 18:05:45 ERROR RebusSequenceParser:196 - Some of arguments are null!
21-10-2019 18:06:14 INFO  FileProcessor:224 - Saving uploaded file...
21-10-2019 18:06:14 ERROR FileProcessor:227 - Some of arguments are null!
21-10-2019 18:06:14 INFO  FileProcessor:259 - Downloading files...
21-10-2019 18:06:14 ERROR FileProcessor:262 - Some of arguments are null!
21-10-2019 18:06:15 INFO  FileProcessor:300 - Downloading file test.png to directory test
21-10-2019 18:06:15 INFO  FileProcessor:321 - File test.png downloaded to directory test
21-10-2019 18:06:16 INFO  FileProcessor:172 - Uploading file...
21-10-2019 18:06:16 ERROR FileProcessor:175 - Some of arguments are null!
21-10-2019 18:06:16 INFO  FileProcessor:300 - Downloading file null to directory null
21-10-2019 18:06:16 ERROR FileProcessor:303 - Some of arguments are null!
21-10-2019 18:06:16 INFO  FileProcessor:62 - Saving uploaded file for review...
21-10-2019 18:06:16 ERROR FileProcessor:65 - Some of arguments are null!
21-10-2019 18:06:18 INFO  RebusController:94 - Getting existing rebus...
21-10-2019 18:06:18 INFO  RebusController:111 - Generating rebus query...
21-10-2019 18:06:18 INFO  RebusController:80 - Getting all words of specified language...
21-10-2019 18:13:46 ERROR ImageProcessor:273 - Images directory does not exist!
21-10-2019 18:13:46 INFO  ImageProcessor:93 - Final image processing...
21-10-2019 18:13:46 ERROR ImageProcessor:97 - Some of arguments are null!
21-10-2019 18:13:46 INFO  ImageProcessor:93 - Final image processing...
21-10-2019 18:13:46 ERROR ImageProcessor:97 - Some of arguments are null!
21-10-2019 18:13:46 ERROR ImageProcessor:260 - Some of arguments are null!
21-10-2019 18:13:46 ERROR ImageProcessor:150 - Some of arguments are null!
21-10-2019 18:13:46 ERROR ImageProcessor:260 - Some of arguments are null!
21-10-2019 18:13:46 ERROR ImageProcessor:196 - Some of arguments are null!
21-10-2019 18:13:46 ERROR ImageProcessor:150 - Some of arguments are null!
21-10-2019 18:13:46 ERROR ImageProcessor:196 - Some of arguments are null!
21-10-2019 18:13:46 ERROR RebusSequenceGenerator:518 - Some of arguments are null!
21-10-2019 18:13:46 INFO  RebusSequenceGenerator:70 - Generating rebus...
21-10-2019 18:13:46 WARN  RebusSequenceGenerator:83 - The word has spaces
21-10-2019 18:13:46 INFO  RebusSequenceGenerator:70 - Generating rebus...
21-10-2019 18:13:46 ERROR RebusSequenceGenerator:73 - Some of arguments are null!
21-10-2019 18:13:46 ERROR RebusSequenceGenerator:263 - Some of arguments are null!
21-10-2019 18:13:46 ERROR RebusSequenceGenerator:391 - Some of arguments are null!
21-10-2019 18:13:46 ERROR RebusSequenceGenerator:194 - Some of arguments are null!
21-10-2019 18:13:46 ERROR RebusSequenceGenerator:194 - Some of arguments are null!
21-10-2019 18:13:46 INFO  RebusSequenceGenerator:348 - Creation of queries chain started...
21-10-2019 18:13:46 ERROR RebusSequenceGenerator:351 - The node in restoreChainOfWordParts method is null!
21-10-2019 18:13:46 ERROR RebusSequenceGenerator:391 - Some of arguments are null!
21-10-2019 18:13:46 ERROR RebusSequenceGenerator:154 - The word in divideWordOnParts method is null!
21-10-2019 18:13:46 INFO  RebusSequenceGenerator:70 - Generating rebus...
21-10-2019 18:13:46 ERROR RebusSequenceGenerator:88 - The databaseWords is empty, it is impossible to create a rebus!
21-10-2019 18:13:46 ERROR RebusSequenceGenerator:263 - Some of arguments are null!
21-10-2019 18:13:46 INFO  RebusSequenceGenerator:70 - Generating rebus...
21-10-2019 18:13:46 ERROR RebusSequenceGenerator:73 - Some of arguments are null!
21-10-2019 18:13:46 ERROR RebusSequenceParser:168 - Some of arguments are null!
21-10-2019 18:13:46 INFO  RebusSequenceParser:74 - Parsing rebus sequence...
21-10-2019 18:13:46 ERROR RebusSequenceParser:77 - Some of arguments are null!
21-10-2019 18:13:46 ERROR RebusSequenceParser:120 - Some of arguments are null!
21-10-2019 18:13:46 ERROR RebusSequenceParser:245 - Some of arguments are null!
21-10-2019 18:13:46 ERROR RebusSequenceParser:196 - Some of arguments are null!
21-10-2019 18:14:11 INFO  FileProcessor:224 - Saving uploaded file...
21-10-2019 18:14:11 ERROR FileProcessor:227 - Some of arguments are null!
21-10-2019 18:14:11 INFO  FileProcessor:259 - Downloading files...
21-10-2019 18:14:11 ERROR FileProcessor:262 - Some of arguments are null!
21-10-2019 18:14:12 INFO  FileProcessor:300 - Downloading file test.png to directory test
21-10-2019 18:14:12 INFO  FileProcessor:321 - File test.png downloaded to directory test
21-10-2019 18:14:12 INFO  FileProcessor:172 - Uploading file...
21-10-2019 18:14:12 ERROR FileProcessor:175 - Some of arguments are null!
21-10-2019 18:14:12 INFO  FileProcessor:300 - Downloading file null to directory null
21-10-2019 18:14:12 ERROR FileProcessor:303 - Some of arguments are null!
21-10-2019 18:14:12 INFO  FileProcessor:62 - Saving uploaded file for review...
21-10-2019 18:14:12 ERROR FileProcessor:65 - Some of arguments are null!
21-10-2019 18:14:14 INFO  RebusController:94 - Getting existing rebus...
21-10-2019 18:14:14 INFO  RebusController:111 - Generating rebus query...
21-10-2019 18:14:14 INFO  RebusController:80 - Getting all words of specified language...
21-10-2019 18:49:47 INFO  RebusController:67 - Getting all possible languages...
21-10-2019 18:51:25 INFO  RebusController:80 - Getting all words of specified language...
30-10-2019 19:56:17 ERROR ImageProcessor:273 - Images directory does not exist!
30-10-2019 19:56:17 INFO  ImageProcessor:93 - Final image processing...
30-10-2019 19:56:17 ERROR ImageProcessor:97 - Some of arguments are null!
30-10-2019 19:56:17 INFO  ImageProcessor:93 - Final image processing...
30-10-2019 19:56:17 ERROR ImageProcessor:97 - Some of arguments are null!
30-10-2019 19:56:17 ERROR ImageProcessor:260 - Some of arguments are null!
30-10-2019 19:56:17 ERROR ImageProcessor:150 - Some of arguments are null!
30-10-2019 19:56:17 ERROR ImageProcessor:260 - Some of arguments are null!
30-10-2019 19:56:17 ERROR ImageProcessor:196 - Some of arguments are null!
30-10-2019 19:56:17 ERROR ImageProcessor:150 - Some of arguments are null!
30-10-2019 19:56:17 ERROR ImageProcessor:196 - Some of arguments are null!
30-10-2019 19:56:17 ERROR RebusSequenceGenerator:518 - Some of arguments are null!
30-10-2019 19:56:17 INFO  RebusSequenceGenerator:70 - Generating rebus...
30-10-2019 19:56:17 WARN  RebusSequenceGenerator:83 - The word has spaces
30-10-2019 19:56:17 INFO  RebusSequenceGenerator:70 - Generating rebus...
30-10-2019 19:56:17 ERROR RebusSequenceGenerator:73 - Some of arguments are null!
30-10-2019 19:56:17 ERROR RebusSequenceGenerator:263 - Some of arguments are null!
30-10-2019 19:56:17 ERROR RebusSequenceGenerator:391 - Some of arguments are null!
30-10-2019 19:56:17 ERROR RebusSequenceGenerator:194 - Some of arguments are null!
30-10-2019 19:56:17 ERROR RebusSequenceGenerator:194 - Some of arguments are null!
30-10-2019 19:56:17 INFO  RebusSequenceGenerator:348 - Creation of queries chain started...
30-10-2019 19:56:17 ERROR RebusSequenceGenerator:351 - The node in restoreChainOfWordParts method is null!
30-10-2019 19:56:17 ERROR RebusSequenceGenerator:391 - Some of arguments are null!
30-10-2019 19:56:17 ERROR RebusSequenceGenerator:154 - The word in divideWordOnParts method is null!
30-10-2019 19:56:17 INFO  RebusSequenceGenerator:70 - Generating rebus...
30-10-2019 19:56:17 ERROR RebusSequenceGenerator:88 - The databaseWords is empty, it is impossible to create a rebus!
30-10-2019 19:56:17 ERROR RebusSequenceGenerator:263 - Some of arguments are null!
30-10-2019 19:56:17 INFO  RebusSequenceGenerator:70 - Generating rebus...
30-10-2019 19:56:17 ERROR RebusSequenceGenerator:73 - Some of arguments are null!
30-10-2019 19:56:17 ERROR RebusSequenceParser:168 - Some of arguments are null!
30-10-2019 19:56:17 INFO  RebusSequenceParser:74 - Parsing rebus sequence...
30-10-2019 19:56:17 ERROR RebusSequenceParser:77 - Some of arguments are null!
30-10-2019 19:56:17 ERROR RebusSequenceParser:120 - Some of arguments are null!
30-10-2019 19:56:17 ERROR RebusSequenceParser:245 - Some of arguments are null!
30-10-2019 19:56:17 ERROR RebusSequenceParser:196 - Some of arguments are null!
30-10-2019 19:56:32 INFO  FileProcessor:224 - Saving uploaded file...
30-10-2019 19:56:32 ERROR FileProcessor:227 - Some of arguments are null!
30-10-2019 19:56:33 INFO  FileProcessor:259 - Downloading files...
30-10-2019 19:56:33 ERROR FileProcessor:262 - Some of arguments are null!
30-10-2019 19:56:34 INFO  FileProcessor:300 - Downloading file test.png to directory test
30-10-2019 19:56:34 INFO  FileProcessor:321 - File test.png downloaded to directory test
30-10-2019 19:56:35 INFO  FileProcessor:172 - Uploading file...
30-10-2019 19:56:35 ERROR FileProcessor:175 - Some of arguments are null!
30-10-2019 19:56:35 INFO  FileProcessor:300 - Downloading file null to directory null
30-10-2019 19:56:35 ERROR FileProcessor:303 - Some of arguments are null!
30-10-2019 19:56:35 INFO  FileProcessor:62 - Saving uploaded file for review...
30-10-2019 19:56:35 ERROR FileProcessor:65 - Some of arguments are null!
30-10-2019 19:56:39 INFO  RebusController:94 - Getting existing rebus...
30-10-2019 19:56:39 INFO  RebusController:111 - Generating rebus query...
30-10-2019 19:56:39 INFO  RebusController:80 - Getting all words of specified language...
30-10-2019 21:56:07 ERROR ImageProcessor:273 - Images directory does not exist!
30-10-2019 21:56:07 INFO  ImageProcessor:93 - Final image processing...
30-10-2019 21:56:07 ERROR ImageProcessor:97 - Some of arguments are null!
30-10-2019 21:56:07 INFO  ImageProcessor:93 - Final image processing...
30-10-2019 21:56:07 ERROR ImageProcessor:97 - Some of arguments are null!
30-10-2019 21:56:07 ERROR ImageProcessor:260 - Some of arguments are null!
30-10-2019 21:56:07 ERROR ImageProcessor:150 - Some of arguments are null!
30-10-2019 21:56:07 ERROR ImageProcessor:260 - Some of arguments are null!
30-10-2019 21:56:07 ERROR ImageProcessor:196 - Some of arguments are null!
30-10-2019 21:56:07 ERROR ImageProcessor:150 - Some of arguments are null!
30-10-2019 21:56:07 ERROR ImageProcessor:196 - Some of arguments are null!
30-10-2019 21:56:07 ERROR RebusSequenceGenerator:518 - Some of arguments are null!
30-10-2019 21:56:07 INFO  RebusSequenceGenerator:70 - Generating rebus...
30-10-2019 21:56:07 WARN  RebusSequenceGenerator:83 - The word has spaces
30-10-2019 21:56:07 INFO  RebusSequenceGenerator:70 - Generating rebus...
30-10-2019 21:56:07 ERROR RebusSequenceGenerator:73 - Some of arguments are null!
30-10-2019 21:56:07 ERROR RebusSequenceGenerator:263 - Some of arguments are null!
30-10-2019 21:56:07 ERROR RebusSequenceGenerator:391 - Some of arguments are null!
30-10-2019 21:56:07 ERROR RebusSequenceGenerator:194 - Some of arguments are null!
30-10-2019 21:56:07 ERROR RebusSequenceGenerator:194 - Some of arguments are null!
30-10-2019 21:56:07 INFO  RebusSequenceGenerator:348 - Creation of queries chain started...
30-10-2019 21:56:07 ERROR RebusSequenceGenerator:351 - The node in restoreChainOfWordParts method is null!
30-10-2019 21:56:07 ERROR RebusSequenceGenerator:391 - Some of arguments are null!
30-10-2019 21:56:07 ERROR RebusSequenceGenerator:154 - The word in divideWordOnParts method is null!
30-10-2019 21:56:07 INFO  RebusSequenceGenerator:70 - Generating rebus...
30-10-2019 21:56:07 ERROR RebusSequenceGenerator:88 - The databaseWords is empty, it is impossible to create a rebus!
30-10-2019 21:56:07 ERROR RebusSequenceGenerator:263 - Some of arguments are null!
30-10-2019 21:56:07 INFO  RebusSequenceGenerator:70 - Generating rebus...
30-10-2019 21:56:07 ERROR RebusSequenceGenerator:73 - Some of arguments are null!
30-10-2019 21:56:07 ERROR RebusSequenceParser:168 - Some of arguments are null!
30-10-2019 21:56:07 INFO  RebusSequenceParser:74 - Parsing rebus sequence...
30-10-2019 21:56:07 ERROR RebusSequenceParser:77 - Some of arguments are null!
30-10-2019 21:56:07 ERROR RebusSequenceParser:120 - Some of arguments are null!
30-10-2019 21:56:07 ERROR RebusSequenceParser:245 - Some of arguments are null!
30-10-2019 21:56:07 ERROR RebusSequenceParser:196 - Some of arguments are null!
30-10-2019 21:56:20 INFO  FileProcessor:224 - Saving uploaded file...
30-10-2019 21:56:20 ERROR FileProcessor:227 - Some of arguments are null!
30-10-2019 21:56:20 INFO  FileProcessor:259 - Downloading files...
30-10-2019 21:56:20 ERROR FileProcessor:262 - Some of arguments are null!
30-10-2019 21:56:21 INFO  FileProcessor:300 - Downloading file test.png to directory test
30-10-2019 21:56:21 INFO  FileProcessor:321 - File test.png downloaded to directory test
30-10-2019 21:56:22 INFO  FileProcessor:172 - Uploading file...
30-10-2019 21:56:22 ERROR FileProcessor:175 - Some of arguments are null!
30-10-2019 21:56:22 INFO  FileProcessor:300 - Downloading file null to directory null
30-10-2019 21:56:22 ERROR FileProcessor:303 - Some of arguments are null!
30-10-2019 21:56:22 INFO  FileProcessor:62 - Saving uploaded file for review...
30-10-2019 21:56:22 ERROR FileProcessor:65 - Some of arguments are null!
30-10-2019 21:56:24 INFO  RebusController:94 - Getting existing rebus...
30-10-2019 21:56:24 INFO  RebusController:111 - Generating rebus query...
30-10-2019 21:56:24 INFO  RebusController:80 - Getting all words of specified language...
31-10-2019 08:28:33 ERROR ImageProcessor:273 - Images directory does not exist!
31-10-2019 08:28:33 INFO  ImageProcessor:93 - Final image processing...
31-10-2019 08:28:33 ERROR ImageProcessor:97 - Some of arguments are null!
31-10-2019 08:28:33 INFO  ImageProcessor:93 - Final image processing...
31-10-2019 08:28:33 ERROR ImageProcessor:97 - Some of arguments are null!
31-10-2019 08:28:33 ERROR ImageProcessor:260 - Some of arguments are null!
31-10-2019 08:28:33 ERROR ImageProcessor:150 - Some of arguments are null!
31-10-2019 08:28:33 ERROR ImageProcessor:260 - Some of arguments are null!
31-10-2019 08:28:33 ERROR ImageProcessor:196 - Some of arguments are null!
31-10-2019 08:28:33 ERROR ImageProcessor:150 - Some of arguments are null!
31-10-2019 08:28:33 ERROR ImageProcessor:196 - Some of arguments are null!
31-10-2019 08:28:33 ERROR RebusSequenceGenerator:518 - Some of arguments are null!
31-10-2019 08:28:33 INFO  RebusSequenceGenerator:70 - Generating rebus...
31-10-2019 08:28:33 WARN  RebusSequenceGenerator:83 - The word has spaces
31-10-2019 08:28:33 INFO  RebusSequenceGenerator:70 - Generating rebus...
31-10-2019 08:28:33 ERROR RebusSequenceGenerator:73 - Some of arguments are null!
31-10-2019 08:28:33 ERROR RebusSequenceGenerator:263 - Some of arguments are null!
31-10-2019 08:28:33 ERROR RebusSequenceGenerator:391 - Some of arguments are null!
31-10-2019 08:28:33 ERROR RebusSequenceGenerator:194 - Some of arguments are null!
31-10-2019 08:28:33 ERROR RebusSequenceGenerator:194 - Some of arguments are null!
31-10-2019 08:28:33 INFO  RebusSequenceGenerator:348 - Creation of queries chain started...
31-10-2019 08:28:33 ERROR RebusSequenceGenerator:351 - The node in restoreChainOfWordParts method is null!
31-10-2019 08:28:33 ERROR RebusSequenceGenerator:391 - Some of arguments are null!
31-10-2019 08:28:33 ERROR RebusSequenceGenerator:154 - The word in divideWordOnParts method is null!
31-10-2019 08:28:33 INFO  RebusSequenceGenerator:70 - Generating rebus...
31-10-2019 08:28:33 ERROR RebusSequenceGenerator:88 - The databaseWords is empty, it is impossible to create a rebus!
31-10-2019 08:28:33 ERROR RebusSequenceGenerator:263 - Some of arguments are null!
31-10-2019 08:28:33 INFO  RebusSequenceGenerator:70 - Generating rebus...
31-10-2019 08:28:33 ERROR RebusSequenceGenerator:73 - Some of arguments are null!
31-10-2019 08:28:33 ERROR RebusSequenceParser:168 - Some of arguments are null!
31-10-2019 08:28:33 INFO  RebusSequenceParser:74 - Parsing rebus sequence...
31-10-2019 08:28:33 ERROR RebusSequenceParser:77 - Some of arguments are null!
31-10-2019 08:28:33 ERROR RebusSequenceParser:120 - Some of arguments are null!
31-10-2019 08:28:33 ERROR RebusSequenceParser:245 - Some of arguments are null!
31-10-2019 08:28:33 ERROR RebusSequenceParser:196 - Some of arguments are null!
31-10-2019 08:29:18 INFO  FileProcessor:224 - Saving uploaded file...
31-10-2019 08:29:18 ERROR FileProcessor:227 - Some of arguments are null!
31-10-2019 08:29:18 INFO  FileProcessor:259 - Downloading files...
31-10-2019 08:29:18 ERROR FileProcessor:262 - Some of arguments are null!
31-10-2019 08:29:20 INFO  FileProcessor:300 - Downloading file test.png to directory test
31-10-2019 08:29:20 INFO  FileProcessor:321 - File test.png downloaded to directory test
31-10-2019 08:29:21 INFO  FileProcessor:172 - Uploading file...
31-10-2019 08:29:21 ERROR FileProcessor:175 - Some of arguments are null!
31-10-2019 08:29:21 INFO  FileProcessor:300 - Downloading file null to directory null
31-10-2019 08:29:21 ERROR FileProcessor:303 - Some of arguments are null!
31-10-2019 08:29:21 INFO  FileProcessor:62 - Saving uploaded file for review...
31-10-2019 08:29:21 ERROR FileProcessor:65 - Some of arguments are null!
31-10-2019 08:29:24 INFO  RebusController:94 - Getting existing rebus...
31-10-2019 08:29:24 INFO  RebusController:111 - Generating rebus query...
31-10-2019 08:29:24 INFO  RebusController:80 - Getting all words of specified language...
31-10-2019 08:47:53 ERROR ImageProcessor:273 - Images directory does not exist!
31-10-2019 08:47:53 INFO  ImageProcessor:93 - Final image processing...
31-10-2019 08:47:53 ERROR ImageProcessor:97 - Some of arguments are null!
31-10-2019 08:47:53 INFO  ImageProcessor:93 - Final image processing...
31-10-2019 08:47:53 ERROR ImageProcessor:97 - Some of arguments are null!
31-10-2019 08:47:53 ERROR ImageProcessor:260 - Some of arguments are null!
31-10-2019 08:47:53 ERROR ImageProcessor:150 - Some of arguments are null!
31-10-2019 08:47:53 ERROR ImageProcessor:260 - Some of arguments are null!
31-10-2019 08:47:53 ERROR ImageProcessor:196 - Some of arguments are null!
31-10-2019 08:47:53 ERROR ImageProcessor:150 - Some of arguments are null!
31-10-2019 08:47:53 ERROR ImageProcessor:196 - Some of arguments are null!
31-10-2019 08:47:53 ERROR RebusSequenceGenerator:518 - Some of arguments are null!
31-10-2019 08:47:53 INFO  RebusSequenceGenerator:70 - Generating rebus...
31-10-2019 08:47:53 WARN  RebusSequenceGenerator:83 - The word has spaces
31-10-2019 08:47:53 INFO  RebusSequenceGenerator:70 - Generating rebus...
31-10-2019 08:47:53 ERROR RebusSequenceGenerator:73 - Some of arguments are null!
31-10-2019 08:47:53 ERROR RebusSequenceGenerator:263 - Some of arguments are null!
31-10-2019 08:47:53 ERROR RebusSequenceGenerator:391 - Some of arguments are null!
31-10-2019 08:47:53 ERROR RebusSequenceGenerator:194 - Some of arguments are null!
31-10-2019 08:47:53 ERROR RebusSequenceGenerator:194 - Some of arguments are null!
31-10-2019 08:47:53 INFO  RebusSequenceGenerator:348 - Creation of queries chain started...
31-10-2019 08:47:53 ERROR RebusSequenceGenerator:351 - The node in restoreChainOfWordParts method is null!
31-10-2019 08:47:53 ERROR RebusSequenceGenerator:391 - Some of arguments are null!
31-10-2019 08:47:53 ERROR RebusSequenceGenerator:154 - The word in divideWordOnParts method is null!
31-10-2019 08:47:53 INFO  RebusSequenceGenerator:70 - Generating rebus...
31-10-2019 08:47:53 ERROR RebusSequenceGenerator:88 - The databaseWords is empty, it is impossible to create a rebus!
31-10-2019 08:47:53 ERROR RebusSequenceGenerator:263 - Some of arguments are null!
31-10-2019 08:47:53 INFO  RebusSequenceGenerator:70 - Generating rebus...
31-10-2019 08:47:53 ERROR RebusSequenceGenerator:73 - Some of arguments are null!
31-10-2019 08:47:53 ERROR RebusSequenceParser:168 - Some of arguments are null!
31-10-2019 08:47:53 INFO  RebusSequenceParser:74 - Parsing rebus sequence...
31-10-2019 08:47:53 ERROR RebusSequenceParser:77 - Some of arguments are null!
31-10-2019 08:47:53 ERROR RebusSequenceParser:120 - Some of arguments are null!
31-10-2019 08:47:53 ERROR RebusSequenceParser:245 - Some of arguments are null!
31-10-2019 08:47:53 ERROR RebusSequenceParser:196 - Some of arguments are null!
31-10-2019 08:48:20 INFO  FileProcessor:224 - Saving uploaded file...
31-10-2019 08:48:20 ERROR FileProcessor:227 - Some of arguments are null!
31-10-2019 08:48:20 INFO  FileProcessor:259 - Downloading files...
31-10-2019 08:48:20 ERROR FileProcessor:262 - Some of arguments are null!
31-10-2019 08:48:22 INFO  FileProcessor:300 - Downloading file test.png to directory test
31-10-2019 08:48:22 INFO  FileProcessor:321 - File test.png downloaded to directory test
31-10-2019 08:48:22 INFO  FileProcessor:172 - Uploading file...
31-10-2019 08:48:22 ERROR FileProcessor:175 - Some of arguments are null!
31-10-2019 08:48:22 INFO  FileProcessor:300 - Downloading file null to directory null
31-10-2019 08:48:22 ERROR FileProcessor:303 - Some of arguments are null!
31-10-2019 08:48:22 INFO  FileProcessor:62 - Saving uploaded file for review...
31-10-2019 08:48:22 ERROR FileProcessor:65 - Some of arguments are null!
31-10-2019 08:48:26 INFO  RebusController:94 - Getting existing rebus...
31-10-2019 08:48:26 INFO  RebusController:111 - Generating rebus query...
31-10-2019 08:48:26 INFO  RebusController:80 - Getting all words of specified language...
31-10-2019 09:18:38 ERROR ImageProcessor:273 - Images directory does not exist!
31-10-2019 09:18:38 INFO  ImageProcessor:93 - Final image processing...
31-10-2019 09:18:38 ERROR ImageProcessor:97 - Some of arguments are null!
31-10-2019 09:18:38 INFO  ImageProcessor:93 - Final image processing...
31-10-2019 09:18:38 ERROR ImageProcessor:97 - Some of arguments are null!
31-10-2019 09:18:38 ERROR ImageProcessor:260 - Some of arguments are null!
31-10-2019 09:18:38 ERROR ImageProcessor:150 - Some of arguments are null!
31-10-2019 09:18:38 ERROR ImageProcessor:260 - Some of arguments are null!
31-10-2019 09:18:38 ERROR ImageProcessor:196 - Some of arguments are null!
31-10-2019 09:18:38 ERROR ImageProcessor:150 - Some of arguments are null!
31-10-2019 09:18:38 ERROR ImageProcessor:196 - Some of arguments are null!
31-10-2019 09:18:38 ERROR RebusSequenceGenerator:518 - Some of arguments are null!
31-10-2019 09:18:38 INFO  RebusSequenceGenerator:70 - Generating rebus...
31-10-2019 09:18:38 WARN  RebusSequenceGenerator:83 - The word has spaces
31-10-2019 09:18:38 INFO  RebusSequenceGenerator:70 - Generating rebus...
31-10-2019 09:18:38 ERROR RebusSequenceGenerator:73 - Some of arguments are null!
31-10-2019 09:18:38 ERROR RebusSequenceGenerator:263 - Some of arguments are null!
31-10-2019 09:18:38 ERROR RebusSequenceGenerator:391 - Some of arguments are null!
31-10-2019 09:18:38 ERROR RebusSequenceGenerator:194 - Some of arguments are null!
31-10-2019 09:18:38 ERROR RebusSequenceGenerator:194 - Some of arguments are null!
31-10-2019 09:18:38 INFO  RebusSequenceGenerator:348 - Creation of queries chain started...
31-10-2019 09:18:38 ERROR RebusSequenceGenerator:351 - The node in restoreChainOfWordParts method is null!
31-10-2019 09:18:38 ERROR RebusSequenceGenerator:391 - Some of arguments are null!
31-10-2019 09:18:38 ERROR RebusSequenceGenerator:154 - The word in divideWordOnParts method is null!
31-10-2019 09:18:38 INFO  RebusSequenceGenerator:70 - Generating rebus...
31-10-2019 09:18:38 ERROR RebusSequenceGenerator:88 - The databaseWords is empty, it is impossible to create a rebus!
31-10-2019 09:18:38 ERROR RebusSequenceGenerator:263 - Some of arguments are null!
31-10-2019 09:18:38 INFO  RebusSequenceGenerator:70 - Generating rebus...
31-10-2019 09:18:38 ERROR RebusSequenceGenerator:73 - Some of arguments are null!
31-10-2019 09:18:38 ERROR RebusSequenceParser:168 - Some of arguments are null!
31-10-2019 09:18:38 INFO  RebusSequenceParser:74 - Parsing rebus sequence...
31-10-2019 09:18:38 ERROR RebusSequenceParser:77 - Some of arguments are null!
31-10-2019 09:18:38 ERROR RebusSequenceParser:120 - Some of arguments are null!
31-10-2019 09:18:38 ERROR RebusSequenceParser:245 - Some of arguments are null!
31-10-2019 09:18:38 ERROR RebusSequenceParser:196 - Some of arguments are null!
31-10-2019 09:19:03 INFO  FileProcessor:224 - Saving uploaded file...
31-10-2019 09:19:03 ERROR FileProcessor:227 - Some of arguments are null!
31-10-2019 09:19:03 INFO  FileProcessor:259 - Downloading files...
31-10-2019 09:19:03 ERROR FileProcessor:262 - Some of arguments are null!
31-10-2019 09:19:04 INFO  FileProcessor:300 - Downloading file test.png to directory test
31-10-2019 09:19:04 INFO  FileProcessor:321 - File test.png downloaded to directory test
31-10-2019 09:19:05 INFO  FileProcessor:172 - Uploading file...
31-10-2019 09:19:05 ERROR FileProcessor:175 - Some of arguments are null!
31-10-2019 09:19:05 INFO  FileProcessor:300 - Downloading file null to directory null
31-10-2019 09:19:05 ERROR FileProcessor:303 - Some of arguments are null!
31-10-2019 09:19:05 INFO  FileProcessor:62 - Saving uploaded file for review...
31-10-2019 09:19:05 ERROR FileProcessor:65 - Some of arguments are null!
31-10-2019 09:19:07 INFO  RebusController:94 - Getting existing rebus...
31-10-2019 09:19:07 INFO  RebusController:111 - Generating rebus query...
31-10-2019 09:19:07 INFO  RebusController:80 - Getting all words of specified language...
31-10-2019 09:22:26 ERROR ImageProcessor:273 - Images directory does not exist!
31-10-2019 09:22:26 INFO  ImageProcessor:93 - Final image processing...
31-10-2019 09:22:26 ERROR ImageProcessor:97 - Some of arguments are null!
31-10-2019 09:22:26 INFO  ImageProcessor:93 - Final image processing...
31-10-2019 09:22:26 ERROR ImageProcessor:97 - Some of arguments are null!
31-10-2019 09:22:26 ERROR ImageProcessor:260 - Some of arguments are null!
31-10-2019 09:22:26 ERROR ImageProcessor:150 - Some of arguments are null!
31-10-2019 09:22:26 ERROR ImageProcessor:260 - Some of arguments are null!
31-10-2019 09:22:26 ERROR ImageProcessor:196 - Some of arguments are null!
31-10-2019 09:22:26 ERROR ImageProcessor:150 - Some of arguments are null!
31-10-2019 09:22:26 ERROR ImageProcessor:196 - Some of arguments are null!
31-10-2019 09:22:26 ERROR RebusSequenceGenerator:518 - Some of arguments are null!
31-10-2019 09:22:26 INFO  RebusSequenceGenerator:70 - Generating rebus...
31-10-2019 09:22:26 WARN  RebusSequenceGenerator:83 - The word has spaces
31-10-2019 09:22:26 INFO  RebusSequenceGenerator:70 - Generating rebus...
31-10-2019 09:22:26 ERROR RebusSequenceGenerator:73 - Some of arguments are null!
31-10-2019 09:22:26 ERROR RebusSequenceGenerator:263 - Some of arguments are null!
31-10-2019 09:22:26 ERROR RebusSequenceGenerator:391 - Some of arguments are null!
31-10-2019 09:22:26 ERROR RebusSequenceGenerator:194 - Some of arguments are null!
31-10-2019 09:22:26 ERROR RebusSequenceGenerator:194 - Some of arguments are null!
31-10-2019 09:22:26 INFO  RebusSequenceGenerator:348 - Creation of queries chain started...
31-10-2019 09:22:26 ERROR RebusSequenceGenerator:351 - The node in restoreChainOfWordParts method is null!
31-10-2019 09:22:26 ERROR RebusSequenceGenerator:391 - Some of arguments are null!
31-10-2019 09:22:26 ERROR RebusSequenceGenerator:154 - The word in divideWordOnParts method is null!
31-10-2019 09:22:26 INFO  RebusSequenceGenerator:70 - Generating rebus...
31-10-2019 09:22:26 ERROR RebusSequenceGenerator:88 - The databaseWords is empty, it is impossible to create a rebus!
31-10-2019 09:22:26 ERROR RebusSequenceGenerator:263 - Some of arguments are null!
31-10-2019 09:22:26 INFO  RebusSequenceGenerator:70 - Generating rebus...
31-10-2019 09:22:26 ERROR RebusSequenceGenerator:73 - Some of arguments are null!
31-10-2019 09:22:26 ERROR RebusSequenceParser:168 - Some of arguments are null!
31-10-2019 09:22:26 INFO  RebusSequenceParser:74 - Parsing rebus sequence...
31-10-2019 09:22:26 ERROR RebusSequenceParser:77 - Some of arguments are null!
31-10-2019 09:22:26 ERROR RebusSequenceParser:120 - Some of arguments are null!
31-10-2019 09:22:26 ERROR RebusSequenceParser:245 - Some of arguments are null!
31-10-2019 09:22:26 ERROR RebusSequenceParser:196 - Some of arguments are null!
31-10-2019 09:22:48 INFO  FileProcessor:224 - Saving uploaded file...
31-10-2019 09:22:48 ERROR FileProcessor:227 - Some of arguments are null!
31-10-2019 09:22:48 INFO  FileProcessor:259 - Downloading files...
31-10-2019 09:22:48 ERROR FileProcessor:262 - Some of arguments are null!
31-10-2019 09:22:49 INFO  FileProcessor:300 - Downloading file test.png to directory test
31-10-2019 09:22:49 INFO  FileProcessor:321 - File test.png downloaded to directory test
31-10-2019 09:22:50 INFO  FileProcessor:172 - Uploading file...
31-10-2019 09:22:50 ERROR FileProcessor:175 - Some of arguments are null!
31-10-2019 09:22:50 INFO  FileProcessor:300 - Downloading file null to directory null
31-10-2019 09:22:50 ERROR FileProcessor:303 - Some of arguments are null!
31-10-2019 09:22:50 INFO  FileProcessor:62 - Saving uploaded file for review...
31-10-2019 09:22:50 ERROR FileProcessor:65 - Some of arguments are null!
31-10-2019 09:22:52 INFO  RebusController:94 - Getting existing rebus...
31-10-2019 09:22:52 INFO  RebusController:111 - Generating rebus query...
31-10-2019 09:22:52 INFO  RebusController:80 - Getting all words of specified language...
31-10-2019 09:33:53 ERROR ImageProcessor:273 - Images directory does not exist!
31-10-2019 09:33:53 INFO  ImageProcessor:93 - Final image processing...
31-10-2019 09:33:53 ERROR ImageProcessor:97 - Some of arguments are null!
31-10-2019 09:33:53 INFO  ImageProcessor:93 - Final image processing...
31-10-2019 09:33:53 ERROR ImageProcessor:97 - Some of arguments are null!
31-10-2019 09:33:53 ERROR ImageProcessor:260 - Some of arguments are null!
31-10-2019 09:33:53 ERROR ImageProcessor:150 - Some of arguments are null!
31-10-2019 09:33:53 ERROR ImageProcessor:260 - Some of arguments are null!
31-10-2019 09:33:53 ERROR ImageProcessor:196 - Some of arguments are null!
31-10-2019 09:33:53 ERROR ImageProcessor:150 - Some of arguments are null!
31-10-2019 09:33:53 ERROR ImageProcessor:196 - Some of arguments are null!
31-10-2019 09:33:53 ERROR RebusSequenceGenerator:518 - Some of arguments are null!
31-10-2019 09:33:53 INFO  RebusSequenceGenerator:70 - Generating rebus...
31-10-2019 09:33:53 WARN  RebusSequenceGenerator:83 - The word has spaces
31-10-2019 09:33:53 INFO  RebusSequenceGenerator:70 - Generating rebus...
31-10-2019 09:33:53 ERROR RebusSequenceGenerator:73 - Some of arguments are null!
31-10-2019 09:33:53 ERROR RebusSequenceGenerator:263 - Some of arguments are null!
31-10-2019 09:33:53 ERROR RebusSequenceGenerator:391 - Some of arguments are null!
31-10-2019 09:33:53 ERROR RebusSequenceGenerator:194 - Some of arguments are null!
31-10-2019 09:33:53 ERROR RebusSequenceGenerator:194 - Some of arguments are null!
31-10-2019 09:33:53 INFO  RebusSequenceGenerator:348 - Creation of queries chain started...
31-10-2019 09:33:53 ERROR RebusSequenceGenerator:351 - The node in restoreChainOfWordParts method is null!
31-10-2019 09:33:53 ERROR RebusSequenceGenerator:391 - Some of arguments are null!
31-10-2019 09:33:53 ERROR RebusSequenceGenerator:154 - The word in divideWordOnParts method is null!
31-10-2019 09:33:53 INFO  RebusSequenceGenerator:70 - Generating rebus...
31-10-2019 09:33:53 ERROR RebusSequenceGenerator:88 - The databaseWords is empty, it is impossible to create a rebus!
31-10-2019 09:33:53 ERROR RebusSequenceGenerator:263 - Some of arguments are null!
31-10-2019 09:33:53 INFO  RebusSequenceGenerator:70 - Generating rebus...
31-10-2019 09:33:53 ERROR RebusSequenceGenerator:73 - Some of arguments are null!
31-10-2019 09:33:53 ERROR RebusSequenceParser:168 - Some of arguments are null!
31-10-2019 09:33:53 INFO  RebusSequenceParser:74 - Parsing rebus sequence...
31-10-2019 09:33:53 ERROR RebusSequenceParser:77 - Some of arguments are null!
31-10-2019 09:33:53 ERROR RebusSequenceParser:120 - Some of arguments are null!
31-10-2019 09:33:53 ERROR RebusSequenceParser:245 - Some of arguments are null!
31-10-2019 09:33:53 ERROR RebusSequenceParser:196 - Some of arguments are null!
31-10-2019 09:34:04 INFO  FileProcessor:224 - Saving uploaded file...
31-10-2019 09:34:04 ERROR FileProcessor:227 - Some of arguments are null!
31-10-2019 09:34:04 INFO  FileProcessor:259 - Downloading files...
31-10-2019 09:34:04 ERROR FileProcessor:262 - Some of arguments are null!
31-10-2019 09:34:05 INFO  FileProcessor:300 - Downloading file test.png to directory test
31-10-2019 09:34:05 INFO  FileProcessor:321 - File test.png downloaded to directory test
31-10-2019 09:34:06 INFO  FileProcessor:172 - Uploading file...
31-10-2019 09:34:06 ERROR FileProcessor:175 - Some of arguments are null!
31-10-2019 09:34:06 INFO  FileProcessor:300 - Downloading file null to directory null
31-10-2019 09:34:06 ERROR FileProcessor:303 - Some of arguments are null!
31-10-2019 09:34:06 INFO  FileProcessor:62 - Saving uploaded file for review...
31-10-2019 09:34:06 ERROR FileProcessor:65 - Some of arguments are null!
31-10-2019 09:34:08 INFO  RebusController:94 - Getting existing rebus...
31-10-2019 09:34:08 INFO  RebusController:111 - Generating rebus query...
31-10-2019 09:34:08 INFO  RebusController:80 - Getting all words of specified language...
31-10-2019 09:36:39 ERROR ImageProcessor:273 - Images directory does not exist!
31-10-2019 09:36:39 INFO  ImageProcessor:93 - Final image processing...
31-10-2019 09:36:39 ERROR ImageProcessor:97 - Some of arguments are null!
31-10-2019 09:36:39 INFO  ImageProcessor:93 - Final image processing...
31-10-2019 09:36:39 ERROR ImageProcessor:97 - Some of arguments are null!
31-10-2019 09:36:39 ERROR ImageProcessor:260 - Some of arguments are null!
31-10-2019 09:36:39 ERROR ImageProcessor:150 - Some of arguments are null!
31-10-2019 09:36:39 ERROR ImageProcessor:260 - Some of arguments are null!
31-10-2019 09:36:39 ERROR ImageProcessor:196 - Some of arguments are null!
31-10-2019 09:36:39 ERROR ImageProcessor:150 - Some of arguments are null!
31-10-2019 09:36:39 ERROR ImageProcessor:196 - Some of arguments are null!
31-10-2019 09:36:39 ERROR RebusSequenceGenerator:518 - Some of arguments are null!
31-10-2019 09:36:39 INFO  RebusSequenceGenerator:70 - Generating rebus...
31-10-2019 09:36:39 WARN  RebusSequenceGenerator:83 - The word has spaces
31-10-2019 09:36:39 INFO  RebusSequenceGenerator:70 - Generating rebus...
31-10-2019 09:36:39 ERROR RebusSequenceGenerator:73 - Some of arguments are null!
31-10-2019 09:36:39 ERROR RebusSequenceGenerator:263 - Some of arguments are null!
31-10-2019 09:36:39 ERROR RebusSequenceGenerator:391 - Some of arguments are null!
31-10-2019 09:36:39 ERROR RebusSequenceGenerator:194 - Some of arguments are null!
31-10-2019 09:36:39 ERROR RebusSequenceGenerator:194 - Some of arguments are null!
31-10-2019 09:36:39 INFO  RebusSequenceGenerator:348 - Creation of queries chain started...
31-10-2019 09:36:39 ERROR RebusSequenceGenerator:351 - The node in restoreChainOfWordParts method is null!
31-10-2019 09:36:39 ERROR RebusSequenceGenerator:391 - Some of arguments are null!
31-10-2019 09:36:39 ERROR RebusSequenceGenerator:154 - The word in divideWordOnParts method is null!
31-10-2019 09:36:39 INFO  RebusSequenceGenerator:70 - Generating rebus...
31-10-2019 09:36:39 ERROR RebusSequenceGenerator:88 - The databaseWords is empty, it is impossible to create a rebus!
31-10-2019 09:36:39 ERROR RebusSequenceGenerator:263 - Some of arguments are null!
31-10-2019 09:36:39 INFO  RebusSequenceGenerator:70 - Generating rebus...
31-10-2019 09:36:39 ERROR RebusSequenceGenerator:73 - Some of arguments are null!
31-10-2019 09:36:39 ERROR RebusSequenceParser:168 - Some of arguments are null!
31-10-2019 09:36:39 INFO  RebusSequenceParser:74 - Parsing rebus sequence...
31-10-2019 09:36:39 ERROR RebusSequenceParser:77 - Some of arguments are null!
31-10-2019 09:36:39 ERROR RebusSequenceParser:120 - Some of arguments are null!
31-10-2019 09:36:39 ERROR RebusSequenceParser:245 - Some of arguments are null!
31-10-2019 09:36:39 ERROR RebusSequenceParser:196 - Some of arguments are null!
31-10-2019 09:36:50 INFO  FileProcessor:224 - Saving uploaded file...
31-10-2019 09:36:50 ERROR FileProcessor:227 - Some of arguments are null!
31-10-2019 09:36:50 INFO  FileProcessor:259 - Downloading files...
31-10-2019 09:36:50 ERROR FileProcessor:262 - Some of arguments are null!
31-10-2019 09:36:51 INFO  FileProcessor:300 - Downloading file test.png to directory test
31-10-2019 09:36:52 INFO  FileProcessor:321 - File test.png downloaded to directory test
31-10-2019 09:36:52 INFO  FileProcessor:172 - Uploading file...
31-10-2019 09:36:52 ERROR FileProcessor:175 - Some of arguments are null!
31-10-2019 09:36:52 INFO  FileProcessor:300 - Downloading file null to directory null
31-10-2019 09:36:52 ERROR FileProcessor:303 - Some of arguments are null!
31-10-2019 09:36:52 INFO  FileProcessor:62 - Saving uploaded file for review...
31-10-2019 09:36:52 ERROR FileProcessor:65 - Some of arguments are null!
31-10-2019 09:36:54 INFO  RebusController:94 - Getting existing rebus...
31-10-2019 09:36:54 INFO  RebusController:111 - Generating rebus query...
31-10-2019 09:36:54 INFO  RebusController:80 - Getting all words of specified language...
07-11-2019 14:25:20 ERROR ImageProcessor:273 - Images directory does not exist!
07-11-2019 14:25:20 INFO  ImageProcessor:93 - Final image processing...
07-11-2019 14:25:20 ERROR ImageProcessor:97 - Some of arguments are null!
07-11-2019 14:25:20 INFO  ImageProcessor:93 - Final image processing...
07-11-2019 14:25:20 ERROR ImageProcessor:97 - Some of arguments are null!
07-11-2019 14:25:20 ERROR ImageProcessor:260 - Some of arguments are null!
07-11-2019 14:25:20 ERROR ImageProcessor:150 - Some of arguments are null!
07-11-2019 14:25:20 ERROR ImageProcessor:260 - Some of arguments are null!
07-11-2019 14:25:20 ERROR ImageProcessor:196 - Some of arguments are null!
07-11-2019 14:25:20 ERROR ImageProcessor:150 - Some of arguments are null!
07-11-2019 14:25:20 ERROR ImageProcessor:196 - Some of arguments are null!
07-11-2019 14:25:20 ERROR RebusSequenceGenerator:518 - Some of arguments are null!
07-11-2019 14:25:20 INFO  RebusSequenceGenerator:70 - Generating rebus...
07-11-2019 14:25:20 WARN  RebusSequenceGenerator:83 - The word has spaces
07-11-2019 14:25:20 INFO  RebusSequenceGenerator:70 - Generating rebus...
07-11-2019 14:25:20 ERROR RebusSequenceGenerator:73 - Some of arguments are null!
07-11-2019 14:25:20 ERROR RebusSequenceGenerator:263 - Some of arguments are null!
07-11-2019 14:25:21 ERROR RebusSequenceGenerator:391 - Some of arguments are null!
07-11-2019 14:25:21 ERROR RebusSequenceGenerator:194 - Some of arguments are null!
07-11-2019 14:25:21 ERROR RebusSequenceGenerator:194 - Some of arguments are null!
07-11-2019 14:25:21 INFO  RebusSequenceGenerator:348 - Creation of queries chain started...
07-11-2019 14:25:21 ERROR RebusSequenceGenerator:351 - The node in restoreChainOfWordParts method is null!
07-11-2019 14:25:21 ERROR RebusSequenceGenerator:391 - Some of arguments are null!
07-11-2019 14:25:21 ERROR RebusSequenceGenerator:154 - The word in divideWordOnParts method is null!
07-11-2019 14:25:21 INFO  RebusSequenceGenerator:70 - Generating rebus...
07-11-2019 14:25:21 ERROR RebusSequenceGenerator:88 - The databaseWords is empty, it is impossible to create a rebus!
07-11-2019 14:25:21 ERROR RebusSequenceGenerator:263 - Some of arguments are null!
07-11-2019 14:25:21 INFO  RebusSequenceGenerator:70 - Generating rebus...
07-11-2019 14:25:21 ERROR RebusSequenceGenerator:73 - Some of arguments are null!
07-11-2019 14:25:21 ERROR RebusSequenceParser:168 - Some of arguments are null!
07-11-2019 14:25:21 INFO  RebusSequenceParser:74 - Parsing rebus sequence...
07-11-2019 14:25:21 ERROR RebusSequenceParser:77 - Some of arguments are null!
07-11-2019 14:25:21 ERROR RebusSequenceParser:120 - Some of arguments are null!
07-11-2019 14:25:21 ERROR RebusSequenceParser:245 - Some of arguments are null!
07-11-2019 14:25:21 ERROR RebusSequenceParser:196 - Some of arguments are null!
07-11-2019 14:25:40 INFO  FileProcessor:224 - Saving uploaded file...
07-11-2019 14:25:40 ERROR FileProcessor:227 - Some of arguments are null!
07-11-2019 14:25:40 INFO  FileProcessor:259 - Downloading files...
07-11-2019 14:25:40 ERROR FileProcessor:262 - Some of arguments are null!
07-11-2019 14:25:42 INFO  FileProcessor:300 - Downloading file test.png to directory test
07-11-2019 14:25:42 INFO  FileProcessor:321 - File test.png downloaded to directory test
07-11-2019 14:25:43 INFO  FileProcessor:172 - Uploading file...
07-11-2019 14:25:43 ERROR FileProcessor:175 - Some of arguments are null!
07-11-2019 14:25:43 INFO  FileProcessor:300 - Downloading file null to directory null
07-11-2019 14:25:43 ERROR FileProcessor:303 - Some of arguments are null!
07-11-2019 14:25:43 INFO  FileProcessor:62 - Saving uploaded file for review...
07-11-2019 14:25:43 ERROR FileProcessor:65 - Some of arguments are null!
07-11-2019 14:25:45 INFO  RebusController:94 - Getting existing rebus...
07-11-2019 14:25:45 INFO  RebusController:111 - Generating rebus query...
07-11-2019 14:25:45 INFO  RebusController:80 - Getting all words of specified language...
18-11-2019 16:48:52 ERROR ImageProcessor:273 - Images directory does not exist!
18-11-2019 16:48:52 INFO  ImageProcessor:93 - Final image processing...
18-11-2019 16:48:52 ERROR ImageProcessor:97 - Some of arguments are null!
18-11-2019 16:48:52 INFO  ImageProcessor:93 - Final image processing...
18-11-2019 16:48:52 ERROR ImageProcessor:97 - Some of arguments are null!
18-11-2019 16:48:52 ERROR ImageProcessor:260 - Some of arguments are null!
18-11-2019 16:48:52 ERROR ImageProcessor:150 - Some of arguments are null!
18-11-2019 16:48:52 ERROR ImageProcessor:260 - Some of arguments are null!
18-11-2019 16:48:52 ERROR ImageProcessor:196 - Some of arguments are null!
18-11-2019 16:48:52 ERROR ImageProcessor:150 - Some of arguments are null!
18-11-2019 16:48:52 ERROR ImageProcessor:196 - Some of arguments are null!
18-11-2019 16:48:52 ERROR RebusSequenceGenerator:518 - Some of arguments are null!
18-11-2019 16:48:52 INFO  RebusSequenceGenerator:70 - Generating rebus...
18-11-2019 16:48:52 WARN  RebusSequenceGenerator:83 - The word has spaces
18-11-2019 16:48:52 INFO  RebusSequenceGenerator:70 - Generating rebus...
18-11-2019 16:48:52 ERROR RebusSequenceGenerator:73 - Some of arguments are null!
18-11-2019 16:48:52 ERROR RebusSequenceGenerator:263 - Some of arguments are null!
18-11-2019 16:48:52 ERROR RebusSequenceGenerator:391 - Some of arguments are null!
18-11-2019 16:48:52 ERROR RebusSequenceGenerator:194 - Some of arguments are null!
18-11-2019 16:48:52 ERROR RebusSequenceGenerator:194 - Some of arguments are null!
18-11-2019 16:48:52 INFO  RebusSequenceGenerator:348 - Creation of queries chain started...
18-11-2019 16:48:52 ERROR RebusSequenceGenerator:351 - The node in restoreChainOfWordParts method is null!
18-11-2019 16:48:52 ERROR RebusSequenceGenerator:391 - Some of arguments are null!
18-11-2019 16:48:52 ERROR RebusSequenceGenerator:154 - The word in divideWordOnParts method is null!
18-11-2019 16:48:52 INFO  RebusSequenceGenerator:70 - Generating rebus...
18-11-2019 16:48:52 ERROR RebusSequenceGenerator:88 - The databaseWords is empty, it is impossible to create a rebus!
18-11-2019 16:48:52 ERROR RebusSequenceGenerator:263 - Some of arguments are null!
18-11-2019 16:48:52 INFO  RebusSequenceGenerator:70 - Generating rebus...
18-11-2019 16:48:52 ERROR RebusSequenceGenerator:73 - Some of arguments are null!
18-11-2019 16:48:52 ERROR RebusSequenceParser:168 - Some of arguments are null!
18-11-2019 16:48:52 INFO  RebusSequenceParser:74 - Parsing rebus sequence...
18-11-2019 16:48:52 ERROR RebusSequenceParser:77 - Some of arguments are null!
18-11-2019 16:48:52 ERROR RebusSequenceParser:120 - Some of arguments are null!
18-11-2019 16:48:52 ERROR RebusSequenceParser:245 - Some of arguments are null!
18-11-2019 16:48:52 ERROR RebusSequenceParser:196 - Some of arguments are null!
18-11-2019 16:49:30 INFO  FileProcessor:224 - Saving uploaded file...
18-11-2019 16:49:30 ERROR FileProcessor:227 - Some of arguments are null!
18-11-2019 16:49:30 INFO  FileProcessor:259 - Downloading files...
18-11-2019 16:49:30 ERROR FileProcessor:262 - Some of arguments are null!
18-11-2019 16:49:34 INFO  FileProcessor:300 - Downloading file test.png to directory test
18-11-2019 16:49:34 INFO  FileProcessor:321 - File test.png downloaded to directory test
18-11-2019 16:49:35 INFO  FileProcessor:172 - Uploading file...
18-11-2019 16:49:35 ERROR FileProcessor:175 - Some of arguments are null!
18-11-2019 16:49:35 INFO  FileProcessor:300 - Downloading file null to directory null
18-11-2019 16:49:35 ERROR FileProcessor:303 - Some of arguments are null!
18-11-2019 16:49:35 INFO  FileProcessor:62 - Saving uploaded file for review...
18-11-2019 16:49:35 ERROR FileProcessor:65 - Some of arguments are null!
18-11-2019 16:49:38 INFO  RebusController:94 - Getting existing rebus...
18-11-2019 16:49:38 INFO  RebusController:111 - Generating rebus query...
18-11-2019 16:49:38 INFO  RebusController:80 - Getting all words of specified language...
19-11-2019 14:52:50 ERROR ImageProcessor:273 - Images directory does not exist!
19-11-2019 14:52:50 INFO  ImageProcessor:93 - Final image processing...
19-11-2019 14:52:50 ERROR ImageProcessor:97 - Some of arguments are null!
19-11-2019 14:52:50 INFO  ImageProcessor:93 - Final image processing...
19-11-2019 14:52:50 ERROR ImageProcessor:97 - Some of arguments are null!
19-11-2019 14:52:50 ERROR ImageProcessor:260 - Some of arguments are null!
19-11-2019 14:52:50 ERROR ImageProcessor:150 - Some of arguments are null!
19-11-2019 14:52:50 ERROR ImageProcessor:260 - Some of arguments are null!
19-11-2019 14:52:50 ERROR ImageProcessor:196 - Some of arguments are null!
19-11-2019 14:52:50 ERROR ImageProcessor:150 - Some of arguments are null!
19-11-2019 14:52:50 ERROR ImageProcessor:196 - Some of arguments are null!
19-11-2019 14:52:50 ERROR RebusSequenceGenerator:518 - Some of arguments are null!
19-11-2019 14:52:50 INFO  RebusSequenceGenerator:70 - Generating rebus...
19-11-2019 14:52:50 WARN  RebusSequenceGenerator:83 - The word has spaces
19-11-2019 14:52:50 INFO  RebusSequenceGenerator:70 - Generating rebus...
19-11-2019 14:52:50 ERROR RebusSequenceGenerator:73 - Some of arguments are null!
19-11-2019 14:52:50 ERROR RebusSequenceGenerator:263 - Some of arguments are null!
19-11-2019 14:52:50 ERROR RebusSequenceGenerator:391 - Some of arguments are null!
19-11-2019 14:52:50 ERROR RebusSequenceGenerator:194 - Some of arguments are null!
19-11-2019 14:52:50 ERROR RebusSequenceGenerator:194 - Some of arguments are null!
19-11-2019 14:52:50 INFO  RebusSequenceGenerator:348 - Creation of queries chain started...
19-11-2019 14:52:50 ERROR RebusSequenceGenerator:351 - The node in restoreChainOfWordParts method is null!
19-11-2019 14:52:50 ERROR RebusSequenceGenerator:391 - Some of arguments are null!
19-11-2019 14:52:50 ERROR RebusSequenceGenerator:154 - The word in divideWordOnParts method is null!
19-11-2019 14:52:50 INFO  RebusSequenceGenerator:70 - Generating rebus...
19-11-2019 14:52:50 ERROR RebusSequenceGenerator:88 - The databaseWords is empty, it is impossible to create a rebus!
19-11-2019 14:52:50 ERROR RebusSequenceGenerator:263 - Some of arguments are null!
19-11-2019 14:52:50 INFO  RebusSequenceGenerator:70 - Generating rebus...
19-11-2019 14:52:50 ERROR RebusSequenceGenerator:73 - Some of arguments are null!
19-11-2019 14:52:50 ERROR RebusSequenceParser:168 - Some of arguments are null!
19-11-2019 14:52:50 INFO  RebusSequenceParser:74 - Parsing rebus sequence...
19-11-2019 14:52:50 ERROR RebusSequenceParser:77 - Some of arguments are null!
19-11-2019 14:52:50 ERROR RebusSequenceParser:120 - Some of arguments are null!
19-11-2019 14:52:50 ERROR RebusSequenceParser:245 - Some of arguments are null!
19-11-2019 14:52:50 ERROR RebusSequenceParser:196 - Some of arguments are null!
19-11-2019 14:53:31 INFO  FileProcessor:224 - Saving uploaded file...
19-11-2019 14:53:31 ERROR FileProcessor:227 - Some of arguments are null!
19-11-2019 14:53:31 INFO  FileProcessor:259 - Downloading files...
19-11-2019 14:53:31 ERROR FileProcessor:262 - Some of arguments are null!
19-11-2019 14:53:34 INFO  FileProcessor:300 - Downloading file test.png to directory test
19-11-2019 14:53:34 INFO  FileProcessor:321 - File test.png downloaded to directory test
19-11-2019 14:53:34 INFO  FileProcessor:172 - Uploading file...
19-11-2019 14:53:34 ERROR FileProcessor:175 - Some of arguments are null!
19-11-2019 14:53:35 INFO  FileProcessor:300 - Downloading file null to directory null
19-11-2019 14:53:35 ERROR FileProcessor:303 - Some of arguments are null!
19-11-2019 14:53:35 INFO  FileProcessor:62 - Saving uploaded file for review...
19-11-2019 14:53:35 ERROR FileProcessor:65 - Some of arguments are null!
19-11-2019 14:53:38 INFO  RebusController:94 - Getting existing rebus...
19-11-2019 14:53:39 INFO  RebusController:111 - Generating rebus query...
19-11-2019 14:53:39 INFO  RebusController:80 - Getting all words of specified language...
21-11-2019 13:54:10 ERROR ImageProcessor:273 - Images directory does not exist!
21-11-2019 13:54:10 INFO  ImageProcessor:93 - Final image processing...
21-11-2019 13:54:10 ERROR ImageProcessor:97 - Some of arguments are null!
21-11-2019 13:54:10 INFO  ImageProcessor:93 - Final image processing...
21-11-2019 13:54:10 ERROR ImageProcessor:97 - Some of arguments are null!
21-11-2019 13:54:10 ERROR ImageProcessor:260 - Some of arguments are null!
21-11-2019 13:54:10 ERROR ImageProcessor:150 - Some of arguments are null!
21-11-2019 13:54:10 ERROR ImageProcessor:260 - Some of arguments are null!
21-11-2019 13:54:10 ERROR ImageProcessor:196 - Some of arguments are null!
21-11-2019 13:54:10 ERROR ImageProcessor:150 - Some of arguments are null!
21-11-2019 13:54:10 ERROR ImageProcessor:196 - Some of arguments are null!
21-11-2019 13:54:10 ERROR RebusSequenceGenerator:518 - Some of arguments are null!
21-11-2019 13:54:10 INFO  RebusSequenceGenerator:70 - Generating rebus...
21-11-2019 13:54:10 WARN  RebusSequenceGenerator:83 - The word has spaces
21-11-2019 13:54:10 INFO  RebusSequenceGenerator:70 - Generating rebus...
21-11-2019 13:54:10 ERROR RebusSequenceGenerator:73 - Some of arguments are null!
21-11-2019 13:54:10 ERROR RebusSequenceGenerator:263 - Some of arguments are null!
21-11-2019 13:54:10 ERROR RebusSequenceGenerator:391 - Some of arguments are null!
21-11-2019 13:54:10 ERROR RebusSequenceGenerator:194 - Some of arguments are null!
21-11-2019 13:54:10 ERROR RebusSequenceGenerator:194 - Some of arguments are null!
21-11-2019 13:54:10 INFO  RebusSequenceGenerator:348 - Creation of queries chain started...
21-11-2019 13:54:10 ERROR RebusSequenceGenerator:351 - The node in restoreChainOfWordParts method is null!
21-11-2019 13:54:10 ERROR RebusSequenceGenerator:391 - Some of arguments are null!
21-11-2019 13:54:10 ERROR RebusSequenceGenerator:154 - The word in divideWordOnParts method is null!
21-11-2019 13:54:10 INFO  RebusSequenceGenerator:70 - Generating rebus...
21-11-2019 13:54:10 ERROR RebusSequenceGenerator:88 - The databaseWords is empty, it is impossible to create a rebus!
21-11-2019 13:54:10 ERROR RebusSequenceGenerator:263 - Some of arguments are null!
21-11-2019 13:54:10 INFO  RebusSequenceGenerator:70 - Generating rebus...
21-11-2019 13:54:10 ERROR RebusSequenceGenerator:73 - Some of arguments are null!
21-11-2019 13:54:10 ERROR RebusSequenceParser:168 - Some of arguments are null!
21-11-2019 13:54:10 INFO  RebusSequenceParser:74 - Parsing rebus sequence...
21-11-2019 13:54:10 ERROR RebusSequenceParser:77 - Some of arguments are null!
21-11-2019 13:54:10 ERROR RebusSequenceParser:120 - Some of arguments are null!
21-11-2019 13:54:10 ERROR RebusSequenceParser:245 - Some of arguments are null!
21-11-2019 13:54:10 ERROR RebusSequenceParser:196 - Some of arguments are null!
21-11-2019 13:54:30 INFO  FileProcessor:224 - Saving uploaded file...
21-11-2019 13:54:30 ERROR FileProcessor:227 - Some of arguments are null!
21-11-2019 13:54:30 INFO  FileProcessor:259 - Downloading files...
21-11-2019 13:54:30 ERROR FileProcessor:262 - Some of arguments are null!
21-11-2019 13:54:32 INFO  FileProcessor:300 - Downloading file test.png to directory test
21-11-2019 13:54:32 INFO  FileProcessor:321 - File test.png downloaded to directory test
21-11-2019 13:54:33 INFO  FileProcessor:172 - Uploading file...
21-11-2019 13:54:33 ERROR FileProcessor:175 - Some of arguments are null!
21-11-2019 13:54:33 INFO  FileProcessor:300 - Downloading file null to directory null
21-11-2019 13:54:33 ERROR FileProcessor:303 - Some of arguments are null!
21-11-2019 13:54:33 INFO  FileProcessor:62 - Saving uploaded file for review...
21-11-2019 13:54:33 ERROR FileProcessor:65 - Some of arguments are null!
21-11-2019 13:54:36 INFO  RebusController:94 - Getting existing rebus...
21-11-2019 13:54:37 INFO  RebusController:111 - Generating rebus query...
21-11-2019 13:54:37 INFO  RebusController:80 - Getting all words of specified language...
21-11-2019 14:04:11 ERROR ImageProcessor:273 - Images directory does not exist!
21-11-2019 14:04:11 INFO  ImageProcessor:93 - Final image processing...
21-11-2019 14:04:11 ERROR ImageProcessor:97 - Some of arguments are null!
21-11-2019 14:04:11 INFO  ImageProcessor:93 - Final image processing...
21-11-2019 14:04:11 ERROR ImageProcessor:97 - Some of arguments are null!
21-11-2019 14:04:11 ERROR ImageProcessor:260 - Some of arguments are null!
21-11-2019 14:04:11 ERROR ImageProcessor:150 - Some of arguments are null!
21-11-2019 14:04:11 ERROR ImageProcessor:260 - Some of arguments are null!
21-11-2019 14:04:11 ERROR ImageProcessor:196 - Some of arguments are null!
21-11-2019 14:04:11 ERROR ImageProcessor:150 - Some of arguments are null!
21-11-2019 14:04:11 ERROR ImageProcessor:196 - Some of arguments are null!
21-11-2019 14:04:11 ERROR RebusSequenceGenerator:518 - Some of arguments are null!
21-11-2019 14:04:11 INFO  RebusSequenceGenerator:70 - Generating rebus...
21-11-2019 14:04:11 WARN  RebusSequenceGenerator:83 - The word has spaces
21-11-2019 14:04:11 INFO  RebusSequenceGenerator:70 - Generating rebus...
21-11-2019 14:04:11 ERROR RebusSequenceGenerator:73 - Some of arguments are null!
21-11-2019 14:04:11 ERROR RebusSequenceGenerator:263 - Some of arguments are null!
21-11-2019 14:04:11 ERROR RebusSequenceGenerator:391 - Some of arguments are null!
21-11-2019 14:04:11 ERROR RebusSequenceGenerator:194 - Some of arguments are null!
21-11-2019 14:04:11 ERROR RebusSequenceGenerator:194 - Some of arguments are null!
21-11-2019 14:04:11 INFO  RebusSequenceGenerator:348 - Creation of queries chain started...
21-11-2019 14:04:11 ERROR RebusSequenceGenerator:351 - The node in restoreChainOfWordParts method is null!
21-11-2019 14:04:11 ERROR RebusSequenceGenerator:391 - Some of arguments are null!
21-11-2019 14:04:11 ERROR RebusSequenceGenerator:154 - The word in divideWordOnParts method is null!
21-11-2019 14:04:11 INFO  RebusSequenceGenerator:70 - Generating rebus...
21-11-2019 14:04:11 ERROR RebusSequenceGenerator:88 - The databaseWords is empty, it is impossible to create a rebus!
21-11-2019 14:04:11 ERROR RebusSequenceGenerator:263 - Some of arguments are null!
21-11-2019 14:04:11 INFO  RebusSequenceGenerator:70 - Generating rebus...
21-11-2019 14:04:11 ERROR RebusSequenceGenerator:73 - Some of arguments are null!
21-11-2019 14:04:11 ERROR RebusSequenceParser:168 - Some of arguments are null!
21-11-2019 14:04:11 INFO  RebusSequenceParser:74 - Parsing rebus sequence...
21-11-2019 14:04:11 ERROR RebusSequenceParser:77 - Some of arguments are null!
21-11-2019 14:04:11 ERROR RebusSequenceParser:120 - Some of arguments are null!
21-11-2019 14:04:11 ERROR RebusSequenceParser:245 - Some of arguments are null!
21-11-2019 14:04:11 ERROR RebusSequenceParser:196 - Some of arguments are null!
21-11-2019 14:04:31 INFO  FileProcessor:224 - Saving uploaded file...
21-11-2019 14:04:31 ERROR FileProcessor:227 - Some of arguments are null!
21-11-2019 14:04:31 INFO  FileProcessor:259 - Downloading files...
21-11-2019 14:04:31 ERROR FileProcessor:262 - Some of arguments are null!
21-11-2019 14:04:33 INFO  FileProcessor:300 - Downloading file test.png to directory test
21-11-2019 14:04:33 INFO  FileProcessor:321 - File test.png downloaded to directory test
21-11-2019 14:04:33 INFO  FileProcessor:172 - Uploading file...
21-11-2019 14:04:33 ERROR FileProcessor:175 - Some of arguments are null!
21-11-2019 14:04:33 INFO  FileProcessor:300 - Downloading file null to directory null
21-11-2019 14:04:33 ERROR FileProcessor:303 - Some of arguments are null!
21-11-2019 14:04:33 INFO  FileProcessor:62 - Saving uploaded file for review...
21-11-2019 14:04:33 ERROR FileProcessor:65 - Some of arguments are null!
21-11-2019 14:04:36 INFO  RebusController:94 - Getting existing rebus...
21-11-2019 14:04:37 INFO  RebusController:111 - Generating rebus query...
21-11-2019 14:04:37 INFO  RebusController:80 - Getting all words of specified language...
21-11-2019 14:32:14 ERROR ImageProcessor:273 - Images directory does not exist!
21-11-2019 14:32:14 INFO  ImageProcessor:93 - Final image processing...
21-11-2019 14:32:14 ERROR ImageProcessor:97 - Some of arguments are null!
21-11-2019 14:32:14 INFO  ImageProcessor:93 - Final image processing...
21-11-2019 14:32:14 ERROR ImageProcessor:97 - Some of arguments are null!
21-11-2019 14:32:14 ERROR ImageProcessor:260 - Some of arguments are null!
21-11-2019 14:32:14 ERROR ImageProcessor:150 - Some of arguments are null!
21-11-2019 14:32:14 ERROR ImageProcessor:260 - Some of arguments are null!
21-11-2019 14:32:14 ERROR ImageProcessor:196 - Some of arguments are null!
21-11-2019 14:32:14 ERROR ImageProcessor:150 - Some of arguments are null!
21-11-2019 14:32:14 ERROR ImageProcessor:196 - Some of arguments are null!
21-11-2019 14:32:14 ERROR RebusSequenceGenerator:518 - Some of arguments are null!
21-11-2019 14:32:14 INFO  RebusSequenceGenerator:70 - Generating rebus...
21-11-2019 14:32:14 WARN  RebusSequenceGenerator:83 - The word has spaces
21-11-2019 14:32:14 INFO  RebusSequenceGenerator:70 - Generating rebus...
21-11-2019 14:32:14 ERROR RebusSequenceGenerator:73 - Some of arguments are null!
21-11-2019 14:32:14 ERROR RebusSequenceGenerator:263 - Some of arguments are null!
21-11-2019 14:32:14 ERROR RebusSequenceGenerator:391 - Some of arguments are null!
21-11-2019 14:32:14 ERROR RebusSequenceGenerator:194 - Some of arguments are null!
21-11-2019 14:32:14 ERROR RebusSequenceGenerator:194 - Some of arguments are null!
21-11-2019 14:32:14 INFO  RebusSequenceGenerator:348 - Creation of queries chain started...
21-11-2019 14:32:14 ERROR RebusSequenceGenerator:351 - The node in restoreChainOfWordParts method is null!
21-11-2019 14:32:14 ERROR RebusSequenceGenerator:391 - Some of arguments are null!
21-11-2019 14:32:14 ERROR RebusSequenceGenerator:154 - The word in divideWordOnParts method is null!
21-11-2019 14:32:14 INFO  RebusSequenceGenerator:70 - Generating rebus...
21-11-2019 14:32:14 ERROR RebusSequenceGenerator:88 - The databaseWords is empty, it is impossible to create a rebus!
21-11-2019 14:32:14 ERROR RebusSequenceGenerator:263 - Some of arguments are null!
21-11-2019 14:32:14 INFO  RebusSequenceGenerator:70 - Generating rebus...
21-11-2019 14:32:14 ERROR RebusSequenceGenerator:73 - Some of arguments are null!
21-11-2019 14:32:14 ERROR RebusSequenceParser:168 - Some of arguments are null!
21-11-2019 14:32:14 INFO  RebusSequenceParser:74 - Parsing rebus sequence...
21-11-2019 14:32:14 ERROR RebusSequenceParser:77 - Some of arguments are null!
21-11-2019 14:32:14 ERROR RebusSequenceParser:120 - Some of arguments are null!
21-11-2019 14:32:14 ERROR RebusSequenceParser:245 - Some of arguments are null!
21-11-2019 14:32:14 ERROR RebusSequenceParser:196 - Some of arguments are null!
21-11-2019 14:32:28 INFO  FileProcessor:224 - Saving uploaded file...
21-11-2019 14:32:28 ERROR FileProcessor:227 - Some of arguments are null!
21-11-2019 14:32:28 INFO  FileProcessor:259 - Downloading files...
21-11-2019 14:32:28 ERROR FileProcessor:262 - Some of arguments are null!
21-11-2019 14:32:30 INFO  FileProcessor:300 - Downloading file test.png to directory test
21-11-2019 14:32:30 INFO  FileProcessor:321 - File test.png downloaded to directory test
21-11-2019 14:32:31 INFO  FileProcessor:172 - Uploading file...
21-11-2019 14:32:31 ERROR FileProcessor:175 - Some of arguments are null!
21-11-2019 14:32:31 INFO  FileProcessor:300 - Downloading file null to directory null
21-11-2019 14:32:31 ERROR FileProcessor:303 - Some of arguments are null!
21-11-2019 14:32:31 INFO  FileProcessor:62 - Saving uploaded file for review...
21-11-2019 14:32:31 ERROR FileProcessor:65 - Some of arguments are null!
21-11-2019 14:32:33 INFO  RebusController:94 - Getting existing rebus...
21-11-2019 14:32:33 INFO  RebusController:111 - Generating rebus query...
21-11-2019 14:32:33 INFO  RebusController:80 - Getting all words of specified language...
21-11-2019 16:19:07 ERROR ImageProcessor:273 - Images directory does not exist!
21-11-2019 16:19:07 INFO  ImageProcessor:93 - Final image processing...
21-11-2019 16:19:07 ERROR ImageProcessor:97 - Some of arguments are null!
21-11-2019 16:19:07 INFO  ImageProcessor:93 - Final image processing...
21-11-2019 16:19:07 ERROR ImageProcessor:97 - Some of arguments are null!
21-11-2019 16:19:07 ERROR ImageProcessor:260 - Some of arguments are null!
21-11-2019 16:19:07 ERROR ImageProcessor:150 - Some of arguments are null!
21-11-2019 16:19:07 ERROR ImageProcessor:260 - Some of arguments are null!
21-11-2019 16:19:07 ERROR ImageProcessor:196 - Some of arguments are null!
21-11-2019 16:19:07 ERROR ImageProcessor:150 - Some of arguments are null!
21-11-2019 16:19:07 ERROR ImageProcessor:196 - Some of arguments are null!
21-11-2019 16:19:07 ERROR RebusSequenceGenerator:518 - Some of arguments are null!
21-11-2019 16:19:07 INFO  RebusSequenceGenerator:70 - Generating rebus...
21-11-2019 16:19:07 WARN  RebusSequenceGenerator:83 - The word has spaces
21-11-2019 16:19:07 INFO  RebusSequenceGenerator:70 - Generating rebus...
21-11-2019 16:19:07 ERROR RebusSequenceGenerator:73 - Some of arguments are null!
21-11-2019 16:19:07 ERROR RebusSequenceGenerator:263 - Some of arguments are null!
21-11-2019 16:19:07 ERROR RebusSequenceGenerator:391 - Some of arguments are null!
21-11-2019 16:19:07 ERROR RebusSequenceGenerator:194 - Some of arguments are null!
21-11-2019 16:19:07 ERROR RebusSequenceGenerator:194 - Some of arguments are null!
21-11-2019 16:19:07 INFO  RebusSequenceGenerator:348 - Creation of queries chain started...
21-11-2019 16:19:07 ERROR RebusSequenceGenerator:351 - The node in restoreChainOfWordParts method is null!
21-11-2019 16:19:07 ERROR RebusSequenceGenerator:391 - Some of arguments are null!
21-11-2019 16:19:07 ERROR RebusSequenceGenerator:154 - The word in divideWordOnParts method is null!
21-11-2019 16:19:07 INFO  RebusSequenceGenerator:70 - Generating rebus...
21-11-2019 16:19:07 ERROR RebusSequenceGenerator:88 - The databaseWords is empty, it is impossible to create a rebus!
21-11-2019 16:19:07 ERROR RebusSequenceGenerator:263 - Some of arguments are null!
21-11-2019 16:19:07 INFO  RebusSequenceGenerator:70 - Generating rebus...
21-11-2019 16:19:07 ERROR RebusSequenceGenerator:73 - Some of arguments are null!
21-11-2019 16:19:07 ERROR RebusSequenceParser:168 - Some of arguments are null!
21-11-2019 16:19:07 INFO  RebusSequenceParser:74 - Parsing rebus sequence...
21-11-2019 16:19:07 ERROR RebusSequenceParser:77 - Some of arguments are null!
21-11-2019 16:19:07 ERROR RebusSequenceParser:120 - Some of arguments are null!
21-11-2019 16:19:07 ERROR RebusSequenceParser:245 - Some of arguments are null!
21-11-2019 16:19:07 ERROR RebusSequenceParser:196 - Some of arguments are null!
21-11-2019 16:19:20 INFO  FileProcessor:224 - Saving uploaded file...
21-11-2019 16:19:20 ERROR FileProcessor:227 - Some of arguments are null!
21-11-2019 16:19:20 INFO  FileProcessor:259 - Downloading files...
21-11-2019 16:19:20 ERROR FileProcessor:262 - Some of arguments are null!
21-11-2019 16:19:21 INFO  FileProcessor:300 - Downloading file test.png to directory test
21-11-2019 16:19:22 INFO  FileProcessor:321 - File test.png downloaded to directory test
21-11-2019 16:19:22 INFO  FileProcessor:172 - Uploading file...
21-11-2019 16:19:22 ERROR FileProcessor:175 - Some of arguments are null!
21-11-2019 16:19:22 INFO  FileProcessor:300 - Downloading file null to directory null
21-11-2019 16:19:22 ERROR FileProcessor:303 - Some of arguments are null!
21-11-2019 16:19:22 INFO  FileProcessor:62 - Saving uploaded file for review...
21-11-2019 16:19:22 ERROR FileProcessor:65 - Some of arguments are null!
21-11-2019 16:19:24 INFO  RebusController:94 - Getting existing rebus...
21-11-2019 16:19:24 INFO  RebusController:111 - Generating rebus query...
21-11-2019 16:19:24 INFO  RebusController:80 - Getting all words of specified language...
